{
  "RSpec": {
    "coverage": {
      "/Users/ramkumar/money/lib/money.rb": [
        null,
        1,
        1,
        1,
        21,
        21,
        null,
        null,
        1,
        1,
        null,
        null,
        1,
        1,
        null,
        null,
        1,
        1,
        null,
        null,
        1,
        1,
        null,
        null,
        1,
        6,
        null,
        null,
        1,
        4,
        null,
        null,
        1,
        1,
        null,
        null,
        null
      ]
    },
    "timestamp": 1433326939
  }
}
